<mule xmlns="http://www.mulesoft.org/schema/mule/core"
      xmlns:xsi="http://www.w3.org/2001/XMLSchema-instance"
      xsi:schemaLocation="http://www.mulesoft.org/schema/mule/core http://www.mulesoft.org/schema/mule/core/current/mule.xsd
          http://www.mulesoft.org/schema/mule/coca-cola-lopgger http://www.mulesoft.org/schema/mule/coca-cola-lopgger/current/mule-coca-cola-lopgger.xsd">

    <flow name="logHiFlow">
       
    </flow>


</mule>
